Configuring csound-sampler-0.0.6.5...
Building csound-sampler-0.0.6.5...
Preprocessing library csound-sampler-0.0.6.5...
[1 of 5] Compiling Csound.Sam.Core  ( src/Csound/Sam/Core.hs, .stack-work/dist/x86_64-osx/Cabal-1.22.5.0/build/Csound/Sam/Core.o )

src/Csound/Sam/Core.hs:4:1: Warning: Tab character

src/Csound/Sam/Core.hs:5:1: Warning: Tab character

src/Csound/Sam/Core.hs:21:1: Warning: Tab character

src/Csound/Sam/Core.hs:21:83: Warning: Tab character

src/Csound/Sam/Core.hs:33:1: Warning: Tab character

src/Csound/Sam/Core.hs:36:1: Warning: Tab character

src/Csound/Sam/Core.hs:37:1: Warning: Tab character

src/Csound/Sam/Core.hs:40:1: Warning: Tab character

src/Csound/Sam/Core.hs:41:1: Warning: Tab character

src/Csound/Sam/Core.hs:42:1: Warning: Tab character

src/Csound/Sam/Core.hs:45:1: Warning: Tab character

src/Csound/Sam/Core.hs:46:1: Warning: Tab character

src/Csound/Sam/Core.hs:47:1: Warning: Tab character

src/Csound/Sam/Core.hs:48:1: Warning: Tab character

src/Csound/Sam/Core.hs:48:18: Warning: Tab character

src/Csound/Sam/Core.hs:51:1: Warning: Tab character

src/Csound/Sam/Core.hs:52:1: Warning: Tab character

src/Csound/Sam/Core.hs:53:1: Warning: Tab character

src/Csound/Sam/Core.hs:54:1: Warning: Tab character

src/Csound/Sam/Core.hs:55:1: Warning: Tab character

src/Csound/Sam/Core.hs:56:1: Warning: Tab character

src/Csound/Sam/Core.hs:57:1: Warning: Tab character

src/Csound/Sam/Core.hs:60:1: Warning: Tab character

src/Csound/Sam/Core.hs:61:1: Warning: Tab character

src/Csound/Sam/Core.hs:64:1: Warning: Tab character

src/Csound/Sam/Core.hs:71:1: Warning: Tab character

src/Csound/Sam/Core.hs:72:1: Warning: Tab character

src/Csound/Sam/Core.hs:77:1: Warning: Tab character

src/Csound/Sam/Core.hs:77:19: Warning: Tab character

src/Csound/Sam/Core.hs:78:1: Warning: Tab character

src/Csound/Sam/Core.hs:83:1: Warning: Tab character

src/Csound/Sam/Core.hs:83:19: Warning: Tab character

src/Csound/Sam/Core.hs:84:1: Warning: Tab character

src/Csound/Sam/Core.hs:84:35: Warning: Tab character

src/Csound/Sam/Core.hs:101:1: Warning: Tab character

src/Csound/Sam/Core.hs:102:1: Warning: Tab character
[2 of 5] Compiling Csound.Sam.Trig  ( src/Csound/Sam/Trig.hs, .stack-work/dist/x86_64-osx/Cabal-1.22.5.0/build/Csound/Sam/Trig.o )

src/Csound/Sam/Trig.hs:2:1: Warning: Tab character

src/Csound/Sam/Trig.hs:3:1: Warning: Tab character

src/Csound/Sam/Trig.hs:5:1: Warning: Tab character

src/Csound/Sam/Trig.hs:6:1: Warning: Tab character

src/Csound/Sam/Trig.hs:8:1: Warning: Tab character

src/Csound/Sam/Trig.hs:9:1: Warning: Tab character

src/Csound/Sam/Trig.hs:11:1: Warning: Tab character

src/Csound/Sam/Trig.hs:12:1: Warning: Tab character

src/Csound/Sam/Trig.hs:15:1: Warning:
    The import of ‘Data.Foldable’ is redundant
      except perhaps to import instances from ‘Data.Foldable’
    To import instances alone, use: import Data.Foldable()

src/Csound/Sam/Trig.hs:16:1: Warning:
    The import of ‘Data.Traversable’ is redundant
      except perhaps to import instances from ‘Data.Traversable’
    To import instances alone, use: import Data.Traversable()

src/Csound/Sam/Trig.hs:17:1: Warning:
    The import of ‘Control.Arrow’ is redundant
      except perhaps to import instances from ‘Control.Arrow’
    To import instances alone, use: import Control.Arrow()

src/Csound/Sam/Trig.hs:29:1: Warning: Tab character

src/Csound/Sam/Trig.hs:30:1: Warning: Tab character

src/Csound/Sam/Trig.hs:35:1: Warning: Tab character

src/Csound/Sam/Trig.hs:36:1: Warning: Tab character

src/Csound/Sam/Trig.hs:41:1: Warning: Tab character

src/Csound/Sam/Trig.hs:42:1: Warning: Tab character

src/Csound/Sam/Trig.hs:53:1: Warning: Tab character

src/Csound/Sam/Trig.hs:54:1: Warning: Tab character

src/Csound/Sam/Trig.hs:55:1: Warning: Tab character

src/Csound/Sam/Trig.hs:61:1: Warning: Tab character

src/Csound/Sam/Trig.hs:62:1: Warning: Tab character

src/Csound/Sam/Trig.hs:68:1: Warning:
    Top-level binding with no type signature:
      syncBeats :: D -> D -> Sig

src/Csound/Sam/Trig.hs:75:1: Warning: Tab character

src/Csound/Sam/Trig.hs:76:1: Warning: Tab character

src/Csound/Sam/Trig.hs:82:1: Warning: Tab character

src/Csound/Sam/Trig.hs:83:1: Warning: Tab character

src/Csound/Sam/Trig.hs:89:1: Warning: Tab character

src/Csound/Sam/Trig.hs:90:1: Warning: Tab character

src/Csound/Sam/Trig.hs:102:1: Warning: Tab character

src/Csound/Sam/Trig.hs:103:1: Warning: Tab character

src/Csound/Sam/Trig.hs:104:1: Warning: Tab character

src/Csound/Sam/Trig.hs:111:1: Warning: Tab character

src/Csound/Sam/Trig.hs:112:1: Warning: Tab character

src/Csound/Sam/Trig.hs:139:1: Warning: Tab character

src/Csound/Sam/Trig.hs:170:1: Warning: Tab character
[3 of 5] Compiling Csound.Sam.Ui    ( src/Csound/Sam/Ui.hs, .stack-work/dist/x86_64-osx/Cabal-1.22.5.0/build/Csound/Sam/Ui.o )

src/Csound/Sam/Ui.hs:4:1: Warning: Tab character

src/Csound/Sam/Ui.hs:5:1: Warning: Tab character

src/Csound/Sam/Ui.hs:6:1: Warning: Tab character

src/Csound/Sam/Ui.hs:7:1: Warning: Tab character

src/Csound/Sam/Ui.hs:8:1: Warning: Tab character

src/Csound/Sam/Ui.hs:8:22: Warning: Tab character

src/Csound/Sam/Ui.hs:9:1: Warning: Tab character

src/Csound/Sam/Ui.hs:21:1: Warning: Tab character

src/Csound/Sam/Ui.hs:49:1: Warning: Tab character

src/Csound/Sam/Ui.hs:50:1: Warning: Tab character

src/Csound/Sam/Ui.hs:51:1: Warning: Tab character

src/Csound/Sam/Ui.hs:52:1: Warning: Tab character

src/Csound/Sam/Ui.hs:53:1: Warning: Tab character

src/Csound/Sam/Ui.hs:66:1: Warning: Tab character

src/Csound/Sam/Ui.hs:66:24: Warning:
    This binding for ‘reads’ shadows the existing binding
      imported from ‘Prelude’ at src/Csound/Sam/Ui.hs:3:8-20
      (and originally defined in ‘Text.Read’)

src/Csound/Sam/Ui.hs:67:1: Warning: Tab character

src/Csound/Sam/Ui.hs:68:1: Warning: Tab character

src/Csound/Sam/Ui.hs:69:1: Warning: Tab character

src/Csound/Sam/Ui.hs:70:1: Warning: Tab character

src/Csound/Sam/Ui.hs:71:1: Warning: Tab character

src/Csound/Sam/Ui.hs:72:1: Warning: Tab character

src/Csound/Sam/Ui.hs:73:1: Warning: Tab character

src/Csound/Sam/Ui.hs:74:1: Warning: Tab character

src/Csound/Sam/Ui.hs:74:42: Warning: Tab character

src/Csound/Sam/Ui.hs:75:1: Warning: Tab character

src/Csound/Sam/Ui.hs:77:1: Warning: Tab character

src/Csound/Sam/Ui.hs:78:1: Warning: Tab character

src/Csound/Sam/Ui.hs:79:1: Warning: Tab character

src/Csound/Sam/Ui.hs:80:1: Warning: Tab character

src/Csound/Sam/Ui.hs:81:1: Warning: Tab character

src/Csound/Sam/Ui.hs:89:1: Warning: Tab character

src/Csound/Sam/Ui.hs:89:24: Warning:
    This binding for ‘reads’ shadows the existing binding
      imported from ‘Prelude’ at src/Csound/Sam/Ui.hs:3:8-20
      (and originally defined in ‘Text.Read’)

src/Csound/Sam/Ui.hs:90:1: Warning: Tab character

src/Csound/Sam/Ui.hs:91:1: Warning: Tab character

src/Csound/Sam/Ui.hs:92:1: Warning: Tab character

src/Csound/Sam/Ui.hs:93:1: Warning: Tab character

src/Csound/Sam/Ui.hs:94:1: Warning: Tab character

src/Csound/Sam/Ui.hs:95:1: Warning: Tab character

src/Csound/Sam/Ui.hs:96:1: Warning: Tab character

src/Csound/Sam/Ui.hs:97:1: Warning: Tab character

src/Csound/Sam/Ui.hs:98:1: Warning: Tab character

src/Csound/Sam/Ui.hs:99:1: Warning: Tab character

src/Csound/Sam/Ui.hs:100:1: Warning: Tab character

src/Csound/Sam/Ui.hs:135:1: Warning: Tab character

src/Csound/Sam/Ui.hs:135:24: Warning:
    This binding for ‘reads’ shadows the existing binding
      imported from ‘Prelude’ at src/Csound/Sam/Ui.hs:3:8-20
      (and originally defined in ‘Text.Read’)

src/Csound/Sam/Ui.hs:136:1: Warning: Tab character

src/Csound/Sam/Ui.hs:137:1: Warning: Tab character

src/Csound/Sam/Ui.hs:138:1: Warning: Tab character

src/Csound/Sam/Ui.hs:139:1: Warning: Tab character

src/Csound/Sam/Ui.hs:140:1: Warning: Tab character

src/Csound/Sam/Ui.hs:141:1: Warning: Tab character

src/Csound/Sam/Ui.hs:141:42: Warning: Tab character

src/Csound/Sam/Ui.hs:142:1: Warning: Tab character

src/Csound/Sam/Ui.hs:143:1: Warning: Tab character

src/Csound/Sam/Ui.hs:143:42: Warning: Tab character

src/Csound/Sam/Ui.hs:144:1: Warning: Tab character

src/Csound/Sam/Ui.hs:146:1: Warning: Tab character

src/Csound/Sam/Ui.hs:147:1: Warning: Tab character

src/Csound/Sam/Ui.hs:148:1: Warning: Tab character

src/Csound/Sam/Ui.hs:149:1: Warning: Tab character

src/Csound/Sam/Ui.hs:150:1: Warning: Tab character

src/Csound/Sam/Ui.hs:177:1: Warning: Tab character

src/Csound/Sam/Ui.hs:178:1: Warning: Tab character

src/Csound/Sam/Ui.hs:178:86: Warning: Tab character

src/Csound/Sam/Ui.hs:179:1: Warning: Tab character

src/Csound/Sam/Ui.hs:180:1: Warning: Tab character

src/Csound/Sam/Ui.hs:181:1: Warning: Tab character

src/Csound/Sam/Ui.hs:182:1: Warning: Tab character

src/Csound/Sam/Ui.hs:183:1: Warning: Tab character

src/Csound/Sam/Ui.hs:184:1: Warning: Tab character

src/Csound/Sam/Ui.hs:185:1: Warning: Tab character

src/Csound/Sam/Ui.hs:186:1: Warning: Tab character

src/Csound/Sam/Ui.hs:189:54: Warning:
    This binding for ‘xs’ shadows the existing binding
      bound at src/Csound/Sam/Ui.hs:189:33

src/Csound/Sam/Ui.hs:192:46: Warning: Tab character

src/Csound/Sam/Ui.hs:193:1: Warning: Tab character

src/Csound/Sam/Ui.hs:193:24: Warning:
    This binding for ‘reads’ shadows the existing binding
      imported from ‘Prelude’ at src/Csound/Sam/Ui.hs:3:8-20
      (and originally defined in ‘Text.Read’)

src/Csound/Sam/Ui.hs:194:1: Warning: Tab character

src/Csound/Sam/Ui.hs:195:1: Warning: Tab character

src/Csound/Sam/Ui.hs:196:1: Warning: Tab character

src/Csound/Sam/Ui.hs:197:1: Warning: Tab character

src/Csound/Sam/Ui.hs:198:1: Warning: Tab character

src/Csound/Sam/Ui.hs:199:1: Warning: Tab character

src/Csound/Sam/Ui.hs:199:42: Warning: Tab character

src/Csound/Sam/Ui.hs:200:1: Warning: Tab character

src/Csound/Sam/Ui.hs:201:1: Warning: Tab character

src/Csound/Sam/Ui.hs:202:1: Warning: Tab character

src/Csound/Sam/Ui.hs:202:42: Warning: Tab character

src/Csound/Sam/Ui.hs:203:1: Warning: Tab character

src/Csound/Sam/Ui.hs:204:1: Warning: Tab character

src/Csound/Sam/Ui.hs:206:1: Warning: Tab character

src/Csound/Sam/Ui.hs:207:1: Warning: Tab character

src/Csound/Sam/Ui.hs:208:1: Warning: Tab character

src/Csound/Sam/Ui.hs:208:46: Warning:
    Defaulting the following constraint(s) to type ‘Integer’
      (Enum a0)
        arising from the arithmetic sequence ‘1 .. ’
        at src/Csound/Sam/Ui.hs:208:46-51
      (Num a0)
        arising from the literal ‘1’ at src/Csound/Sam/Ui.hs:208:47
      (Show a0)
        arising from a use of ‘show’ at src/Csound/Sam/Ui.hs:208:41-44
    In the second argument of ‘fmap’, namely ‘[1 .. ]’
    In the second argument of ‘($)’, namely ‘fmap show [1 .. ]’
    In the expression: take len $ fmap show [1 .. ]

src/Csound/Sam/Ui.hs:208:52: Warning: Tab character

src/Csound/Sam/Ui.hs:209:1: Warning: Tab character

src/Csound/Sam/Ui.hs:213:1: Warning: Tab character

src/Csound/Sam/Ui.hs:214:1: Warning: Tab character

src/Csound/Sam/Ui.hs:224:1: Warning: Tab character

src/Csound/Sam/Ui.hs:225:1: Warning: Tab character

src/Csound/Sam/Ui.hs:226:1: Warning: Tab character

src/Csound/Sam/Ui.hs:227:1: Warning: Tab character

src/Csound/Sam/Ui.hs:228:1: Warning: Tab character

src/Csound/Sam/Ui.hs:228:87: Warning: Tab character

src/Csound/Sam/Ui.hs:229:1: Warning: Tab character

src/Csound/Sam/Ui.hs:230:1: Warning: Tab character

src/Csound/Sam/Ui.hs:231:1: Warning: Tab character

src/Csound/Sam/Ui.hs:232:1: Warning: Tab character

src/Csound/Sam/Ui.hs:233:1: Warning: Tab character

src/Csound/Sam/Ui.hs:234:1: Warning: Tab character

src/Csound/Sam/Ui.hs:235:1: Warning: Tab character

src/Csound/Sam/Ui.hs:236:1: Warning: Tab character

src/Csound/Sam/Ui.hs:237:1: Warning: Tab character

src/Csound/Sam/Ui.hs:238:1: Warning: Tab character

src/Csound/Sam/Ui.hs:239:1: Warning: Tab character

src/Csound/Sam/Ui.hs:241:1: Warning: Tab character

src/Csound/Sam/Ui.hs:243:1: Warning: Tab character

src/Csound/Sam/Ui.hs:243:25: Warning:
    This binding for ‘eff’ shadows the existing binding
      imported from ‘Csound.Base’ at src/Csound/Sam/Ui.hs:16:1-18
      (and originally defined in ‘csound-expression-typed-0.0.9.3:Csound.Typed.Control.Mix’)

src/Csound/Sam/Ui.hs:255:1: Warning: Tab character

src/Csound/Sam/Ui.hs:256:1: Warning: Tab character

src/Csound/Sam/Ui.hs:257:1: Warning: Tab character

src/Csound/Sam/Ui.hs:257:17: Warning:
    This binding for ‘joinSource’ shadows the existing binding
      imported from ‘Csound.Base’ at src/Csound/Sam/Ui.hs:16:1-18
      (and originally defined in ‘Csound.Control.Gui’)

src/Csound/Sam/Ui.hs:258:1: Warning: Tab character

src/Csound/Sam/Ui.hs:259:1: Warning: Tab character

src/Csound/Sam/Ui.hs:260:1: Warning: Tab character

src/Csound/Sam/Ui.hs:265:1: Warning: Tab character

src/Csound/Sam/Ui.hs:266:1: Warning: Tab character

src/Csound/Sam/Ui.hs:266:19: Warning:
    This binding for ‘gain’ shadows the existing binding
      imported from ‘Csound.Base’ at src/Csound/Sam/Ui.hs:16:1-18
      (and originally defined in ‘csound-expression-opcodes-0.0.3.1:Csound.Typed.Opcode.SignalModifiers’)

src/Csound/Sam/Ui.hs:267:1: Warning: Tab character
[4 of 5] Compiling Csound.Sam       ( src/Csound/Sam.hs, .stack-work/dist/x86_64-osx/Cabal-1.22.5.0/build/Csound/Sam.o )

src/Csound/Sam.hs:4:1: Warning: Tab character

src/Csound/Sam.hs:5:1: Warning: Tab character

src/Csound/Sam.hs:6:1: Warning: Tab character

src/Csound/Sam.hs:7:1: Warning: Tab character

src/Csound/Sam.hs:8:1: Warning: Tab character

src/Csound/Sam.hs:9:1: Warning: Tab character

src/Csound/Sam.hs:10:1: Warning: Tab character

src/Csound/Sam.hs:11:1: Warning: Tab character

src/Csound/Sam.hs:12:1: Warning: Tab character

src/Csound/Sam.hs:12:81: Warning: Tab character

src/Csound/Sam.hs:13:1: Warning: Tab character

src/Csound/Sam.hs:14:1: Warning: Tab character

src/Csound/Sam.hs:15:1: Warning: Tab character

src/Csound/Sam.hs:16:1: Warning: Tab character

src/Csound/Sam.hs:17:1: Warning: Tab character

src/Csound/Sam.hs:18:1: Warning: Tab character

src/Csound/Sam.hs:19:1: Warning: Tab character

src/Csound/Sam.hs:20:1: Warning: Tab character

src/Csound/Sam.hs:21:1: Warning: Tab character

src/Csound/Sam.hs:22:1: Warning: Tab character

src/Csound/Sam.hs:22:61: Warning: Tab character

src/Csound/Sam.hs:23:1: Warning: Tab character

src/Csound/Sam.hs:24:1: Warning: Tab character

src/Csound/Sam.hs:24:36: Warning: Tab character

src/Csound/Sam.hs:25:1: Warning: Tab character

src/Csound/Sam.hs:27:1: Warning: Tab character

src/Csound/Sam.hs:28:1: Warning: Tab character

src/Csound/Sam.hs:43:1: Warning:
    The import of ‘Control.Applicative’ is redundant
      except perhaps to import instances from ‘Control.Applicative’
    To import instances alone, use: import Control.Applicative()

src/Csound/Sam.hs:54:1: Warning: Tab character

src/Csound/Sam.hs:57:1: Warning: Tab character

src/Csound/Sam.hs:62:1: Warning: Tab character

src/Csound/Sam.hs:63:1: Warning: Tab character

src/Csound/Sam.hs:64:1: Warning: Tab character

src/Csound/Sam.hs:65:1: Warning: Tab character

src/Csound/Sam.hs:66:1: Warning: Tab character

src/Csound/Sam.hs:67:1: Warning: Tab character

src/Csound/Sam.hs:67:41: Warning:
    This binding for ‘dur’ shadows the existing binding
      imported from ‘Csound.Base’ at src/Csound/Sam.hs:46:1-18
      (and originally defined in ‘temporal-media-0.6.1:Temporal.Class’)

src/Csound/Sam.hs:70:1: Warning: Tab character

src/Csound/Sam.hs:73:1: Warning: Tab character

src/Csound/Sam.hs:74:1: Warning: Tab character

src/Csound/Sam.hs:75:1: Warning: Tab character

src/Csound/Sam.hs:76:1: Warning: Tab character

src/Csound/Sam.hs:79:1: Warning: Tab character

src/Csound/Sam.hs:82:1: Warning: Tab character

src/Csound/Sam.hs:85:1: Warning: Tab character

src/Csound/Sam.hs:86:1: Warning: Tab character

src/Csound/Sam.hs:89:1: Warning: Tab character

src/Csound/Sam.hs:90:1: Warning: Tab character

src/Csound/Sam.hs:93:1: Warning: Tab character

src/Csound/Sam.hs:94:1: Warning: Tab character

src/Csound/Sam.hs:97:1: Warning: Tab character

src/Csound/Sam.hs:98:1: Warning: Tab character

src/Csound/Sam.hs:99:1: Warning: Tab character

src/Csound/Sam.hs:100:1: Warning: Tab character

src/Csound/Sam.hs:103:1: Warning: Tab character

src/Csound/Sam.hs:104:1: Warning: Tab character

src/Csound/Sam.hs:105:1: Warning: Tab character

src/Csound/Sam.hs:106:1: Warning: Tab character

src/Csound/Sam.hs:107:1: Warning: Tab character

src/Csound/Sam.hs:108:1: Warning: Tab character

src/Csound/Sam.hs:109:1: Warning: Tab character

src/Csound/Sam.hs:112:1: Warning: Tab character

src/Csound/Sam.hs:115:1: Warning: Tab character

src/Csound/Sam.hs:118:1: Warning: Tab character

src/Csound/Sam.hs:121:1: Warning: Tab character

src/Csound/Sam.hs:124:1: Warning: Tab character

src/Csound/Sam.hs:157:1: Warning: Tab character

src/Csound/Sam.hs:164:1: Warning: Tab character

src/Csound/Sam.hs:169:1: Warning: Tab character

src/Csound/Sam.hs:189:1: Warning: Tab character

src/Csound/Sam.hs:190:1: Warning: Tab character

src/Csound/Sam.hs:191:1: Warning: Tab character

src/Csound/Sam.hs:192:1: Warning: Tab character

src/Csound/Sam.hs:193:1: Warning: Tab character

src/Csound/Sam.hs:214:1: Warning: Tab character

src/Csound/Sam.hs:221:1: Warning: Tab character

src/Csound/Sam.hs:226:1: Warning: Tab character

src/Csound/Sam.hs:246:1: Warning: Tab character

src/Csound/Sam.hs:247:1: Warning: Tab character

src/Csound/Sam.hs:248:1: Warning: Tab character

src/Csound/Sam.hs:249:1: Warning: Tab character

src/Csound/Sam.hs:250:1: Warning: Tab character

src/Csound/Sam.hs:261:1: Warning: Tab character

src/Csound/Sam.hs:262:1: Warning: Tab character

src/Csound/Sam.hs:281:1: Warning: Tab character

src/Csound/Sam.hs:282:1: Warning: Tab character

src/Csound/Sam.hs:283:1: Warning: Tab character

src/Csound/Sam.hs:283:25: Warning: Tab character

src/Csound/Sam.hs:301:1: Warning: Tab character

src/Csound/Sam.hs:302:1: Warning: Tab character

src/Csound/Sam.hs:303:1: Warning: Tab character

src/Csound/Sam.hs:304:1: Warning: Tab character

src/Csound/Sam.hs:305:1: Warning: Tab character

src/Csound/Sam.hs:306:1: Warning: Tab character

src/Csound/Sam.hs:307:1: Warning: Tab character

src/Csound/Sam.hs:308:1: Warning: Tab character

src/Csound/Sam.hs:314:1: Warning: Tab character

src/Csound/Sam.hs:315:1: Warning: Tab character

src/Csound/Sam.hs:316:1: Warning: Tab character

src/Csound/Sam.hs:317:1: Warning: Tab character

src/Csound/Sam.hs:318:1: Warning: Tab character

src/Csound/Sam.hs:318:75: Warning:
    This binding for ‘dt’ shadows the existing binding
      bound at src/Csound/Sam.hs:313:17

src/Csound/Sam.hs:319:1: Warning: Tab character

src/Csound/Sam.hs:320:1: Warning: Tab character

src/Csound/Sam.hs:321:1: Warning: Tab character

src/Csound/Sam.hs:337:1: Warning: Tab character

src/Csound/Sam.hs:338:1: Warning: Tab character

src/Csound/Sam.hs:339:1: Warning: Tab character

src/Csound/Sam.hs:340:1: Warning: Tab character

src/Csound/Sam.hs:347:1: Warning: Tab character

src/Csound/Sam.hs:347:17: Warning:
    This binding for ‘dur’ shadows the existing binding
      imported from ‘Csound.Base’ at src/Csound/Sam.hs:46:1-18
      (and originally defined in ‘temporal-media-0.6.1:Temporal.Class’)

src/Csound/Sam.hs:348:1: Warning: Tab character

src/Csound/Sam.hs:349:1: Warning: Tab character

src/Csound/Sam.hs:356:1: Warning: Tab character

src/Csound/Sam.hs:357:1: Warning: Tab character

src/Csound/Sam.hs:357:19: Warning:
    This binding for ‘dur’ shadows the existing binding
      imported from ‘Csound.Base’ at src/Csound/Sam.hs:46:1-18
      (and originally defined in ‘temporal-media-0.6.1:Temporal.Class’)

src/Csound/Sam.hs:358:1: Warning: Tab character

src/Csound/Sam.hs:359:1: Warning: Tab character

src/Csound/Sam.hs:360:1: Warning: Tab character

src/Csound/Sam.hs:364:1: Warning: Tab character

src/Csound/Sam.hs:365:1: Warning: Tab character

src/Csound/Sam.hs:366:1: Warning: Tab character

src/Csound/Sam.hs:367:1: Warning: Tab character

src/Csound/Sam.hs:394:1: Warning: Tab character

src/Csound/Sam.hs:395:1: Warning: Tab character

src/Csound/Sam.hs:396:1: Warning: Tab character

src/Csound/Sam.hs:397:1: Warning: Tab character

src/Csound/Sam.hs:398:1: Warning: Tab character

src/Csound/Sam.hs:412:1: Warning: Tab character

src/Csound/Sam.hs:412:116: Warning: Tab character

src/Csound/Sam.hs:413:1: Warning: Tab character

src/Csound/Sam.hs:417:1: Warning: Tab character

src/Csound/Sam.hs:417:100: Warning: Tab character

src/Csound/Sam.hs:424:1: Warning: Tab character

src/Csound/Sam.hs:425:1: Warning: Tab character

src/Csound/Sam.hs:425:105: Warning: Tab character

src/Csound/Sam.hs:426:1: Warning: Tab character

src/Csound/Sam.hs:427:1: Warning: Tab character

src/Csound/Sam.hs:431:1: Warning: Tab character

src/Csound/Sam.hs:439:1: Warning: Tab character

src/Csound/Sam.hs:440:1: Warning: Tab character

src/Csound/Sam.hs:441:1: Warning: Tab character

src/Csound/Sam.hs:442:1: Warning: Tab character

src/Csound/Sam.hs:457:1: Warning: Tab character

src/Csound/Sam.hs:478:1: Warning: Tab character

src/Csound/Sam.hs:478:107: Warning: Tab character

src/Csound/Sam.hs:498:17: Warning:
    In the use of ‘metroE’
    (imported from Csound.Base, but defined in Csound.Control.Evt):
    Deprecated: "Use metro instead"

src/Csound/Sam.hs:525:1: Warning: Tab character

src/Csound/Sam.hs:540:1: Warning: Tab character

src/Csound/Sam.hs:541:1: Warning: Tab character

src/Csound/Sam.hs:542:1: Warning: Tab character

src/Csound/Sam.hs:557:1: Warning: Tab character

src/Csound/Sam.hs:563:1: Warning: Tab character

src/Csound/Sam.hs:566:1: Warning: Tab character

src/Csound/Sam.hs:569:1: Warning: Tab character

src/Csound/Sam.hs:570:1: Warning: Tab character

src/Csound/Sam.hs:571:1: Warning: Tab character

src/Csound/Sam.hs:574:1: Warning: Tab character

src/Csound/Sam.hs:575:1: Warning: Tab character

src/Csound/Sam.hs:576:1: Warning: Tab character

src/Csound/Sam.hs:584:17: Warning:
    This binding for ‘tempo’ shadows the existing binding
      imported from ‘Csound.Base’ at src/Csound/Sam.hs:46:1-18
      (and originally defined in ‘csound-expression-opcodes-0.0.3.1:Csound.Typed.Opcode.InstrumentControl’)

src/Csound/Sam.hs:584:23: Warning:
    This binding for ‘pitch’ shadows the existing binding
      imported from ‘Csound.Base’ at src/Csound/Sam.hs:46:1-18
      (and originally defined in ‘csound-expression-opcodes-0.0.3.1:Csound.Typed.Opcode.InstrumentControl’)

src/Csound/Sam.hs:588:17: Warning:
    This binding for ‘tempo’ shadows the existing binding
      imported from ‘Csound.Base’ at src/Csound/Sam.hs:46:1-18
      (and originally defined in ‘csound-expression-opcodes-0.0.3.1:Csound.Typed.Opcode.InstrumentControl’)

src/Csound/Sam.hs:588:23: Warning:
    This binding for ‘pitch’ shadows the existing binding
      imported from ‘Csound.Base’ at src/Csound/Sam.hs:46:1-18
      (and originally defined in ‘csound-expression-opcodes-0.0.3.1:Csound.Typed.Opcode.InstrumentControl’)

src/Csound/Sam.hs:592:20: Warning:
    This binding for ‘tempo’ shadows the existing binding
      imported from ‘Csound.Base’ at src/Csound/Sam.hs:46:1-18
      (and originally defined in ‘csound-expression-opcodes-0.0.3.1:Csound.Typed.Opcode.InstrumentControl’)

src/Csound/Sam.hs:592:26: Warning:
    This binding for ‘pitch’ shadows the existing binding
      imported from ‘Csound.Base’ at src/Csound/Sam.hs:46:1-18
      (and originally defined in ‘csound-expression-opcodes-0.0.3.1:Csound.Typed.Opcode.InstrumentControl’)

src/Csound/Sam.hs:596:33: Warning:
    This binding for ‘tempo’ shadows the existing binding
      imported from ‘Csound.Base’ at src/Csound/Sam.hs:46:1-18
      (and originally defined in ‘csound-expression-opcodes-0.0.3.1:Csound.Typed.Opcode.InstrumentControl’)

src/Csound/Sam.hs:596:39: Warning:
    This binding for ‘pitch’ shadows the existing binding
      imported from ‘Csound.Base’ at src/Csound/Sam.hs:46:1-18
      (and originally defined in ‘csound-expression-opcodes-0.0.3.1:Csound.Typed.Opcode.InstrumentControl’)

src/Csound/Sam.hs:600:20: Warning:
    This binding for ‘tempo’ shadows the existing binding
      imported from ‘Csound.Base’ at src/Csound/Sam.hs:46:1-18
      (and originally defined in ‘csound-expression-opcodes-0.0.3.1:Csound.Typed.Opcode.InstrumentControl’)

src/Csound/Sam.hs:600:26: Warning:
    This binding for ‘pitch’ shadows the existing binding
      imported from ‘Csound.Base’ at src/Csound/Sam.hs:46:1-18
      (and originally defined in ‘csound-expression-opcodes-0.0.3.1:Csound.Typed.Opcode.InstrumentControl’)

src/Csound/Sam.hs:604:33: Warning:
    This binding for ‘tempo’ shadows the existing binding
      imported from ‘Csound.Base’ at src/Csound/Sam.hs:46:1-18
      (and originally defined in ‘csound-expression-opcodes-0.0.3.1:Csound.Typed.Opcode.InstrumentControl’)

src/Csound/Sam.hs:604:39: Warning:
    This binding for ‘pitch’ shadows the existing binding
      imported from ‘Csound.Base’ at src/Csound/Sam.hs:46:1-18
      (and originally defined in ‘csound-expression-opcodes-0.0.3.1:Csound.Typed.Opcode.InstrumentControl’)

src/Csound/Sam.hs:608:18: Warning:
    This binding for ‘tempo’ shadows the existing binding
      imported from ‘Csound.Base’ at src/Csound/Sam.hs:46:1-18
      (and originally defined in ‘csound-expression-opcodes-0.0.3.1:Csound.Typed.Opcode.InstrumentControl’)

src/Csound/Sam.hs:608:24: Warning:
    This binding for ‘pitch’ shadows the existing binding
      imported from ‘Csound.Base’ at src/Csound/Sam.hs:46:1-18
      (and originally defined in ‘csound-expression-opcodes-0.0.3.1:Csound.Typed.Opcode.InstrumentControl’)

src/Csound/Sam.hs:612:18: Warning:
    This binding for ‘tempo’ shadows the existing binding
      imported from ‘Csound.Base’ at src/Csound/Sam.hs:46:1-18
      (and originally defined in ‘csound-expression-opcodes-0.0.3.1:Csound.Typed.Opcode.InstrumentControl’)

src/Csound/Sam.hs:612:24: Warning:
    This binding for ‘pitch’ shadows the existing binding
      imported from ‘Csound.Base’ at src/Csound/Sam.hs:46:1-18
      (and originally defined in ‘csound-expression-opcodes-0.0.3.1:Csound.Typed.Opcode.InstrumentControl’)

src/Csound/Sam.hs:616:21: Warning:
    This binding for ‘tempo’ shadows the existing binding
      imported from ‘Csound.Base’ at src/Csound/Sam.hs:46:1-18
      (and originally defined in ‘csound-expression-opcodes-0.0.3.1:Csound.Typed.Opcode.InstrumentControl’)

src/Csound/Sam.hs:616:27: Warning:
    This binding for ‘pitch’ shadows the existing binding
      imported from ‘Csound.Base’ at src/Csound/Sam.hs:46:1-18
      (and originally defined in ‘csound-expression-opcodes-0.0.3.1:Csound.Typed.Opcode.InstrumentControl’)

src/Csound/Sam.hs:620:34: Warning:
    This binding for ‘tempo’ shadows the existing binding
      imported from ‘Csound.Base’ at src/Csound/Sam.hs:46:1-18
      (and originally defined in ‘csound-expression-opcodes-0.0.3.1:Csound.Typed.Opcode.InstrumentControl’)

src/Csound/Sam.hs:620:40: Warning:
    This binding for ‘pitch’ shadows the existing binding
      imported from ‘Csound.Base’ at src/Csound/Sam.hs:46:1-18
      (and originally defined in ‘csound-expression-opcodes-0.0.3.1:Csound.Typed.Opcode.InstrumentControl’)

src/Csound/Sam.hs:624:21: Warning:
    This binding for ‘tempo’ shadows the existing binding
      imported from ‘Csound.Base’ at src/Csound/Sam.hs:46:1-18
      (and originally defined in ‘csound-expression-opcodes-0.0.3.1:Csound.Typed.Opcode.InstrumentControl’)

src/Csound/Sam.hs:624:27: Warning:
    This binding for ‘pitch’ shadows the existing binding
      imported from ‘Csound.Base’ at src/Csound/Sam.hs:46:1-18
      (and originally defined in ‘csound-expression-opcodes-0.0.3.1:Csound.Typed.Opcode.InstrumentControl’)

src/Csound/Sam.hs:628:34: Warning:
    This binding for ‘tempo’ shadows the existing binding
      imported from ‘Csound.Base’ at src/Csound/Sam.hs:46:1-18
      (and originally defined in ‘csound-expression-opcodes-0.0.3.1:Csound.Typed.Opcode.InstrumentControl’)

src/Csound/Sam.hs:628:40: Warning:
    This binding for ‘pitch’ shadows the existing binding
      imported from ‘Csound.Base’ at src/Csound/Sam.hs:46:1-18
      (and originally defined in ‘csound-expression-opcodes-0.0.3.1:Csound.Typed.Opcode.InstrumentControl’)

src/Csound/Sam.hs:53:10: Warning:
    Orphan instance: instance Melody Sam
    To avoid this
        move the instance declaration to the module of the class or of the type, or
        wrap the type with a newtype and declare the instance on the new type.

src/Csound/Sam.hs:56:10: Warning:
    Orphan instance: instance Harmony Sam
    To avoid this
        move the instance declaration to the module of the class or of the type, or
        wrap the type with a newtype and declare the instance on the new type.

src/Csound/Sam.hs:59:10: Warning:
    Orphan instance: instance Compose Sam
    To avoid this
        move the instance declaration to the module of the class or of the type, or
        wrap the type with a newtype and declare the instance on the new type.

src/Csound/Sam.hs:61:10: Warning:
    Orphan instance: instance Delay Sam
    To avoid this
        move the instance declaration to the module of the class or of the type, or
        wrap the type with a newtype and declare the instance on the new type.

src/Csound/Sam.hs:69:10: Warning:
    Orphan instance: instance Stretch Sam
    To avoid this
        move the instance declaration to the module of the class or of the type, or
        wrap the type with a newtype and declare the instance on the new type.

src/Csound/Sam.hs:72:10: Warning:
    Orphan instance: instance Limit Sam
    To avoid this
        move the instance declaration to the module of the class or of the type, or
        wrap the type with a newtype and declare the instance on the new type.

src/Csound/Sam.hs:78:10: Warning:
    Orphan instance: instance Loop Sam
    To avoid this
        move the instance declaration to the module of the class or of the type, or
        wrap the type with a newtype and declare the instance on the new type.

src/Csound/Sam.hs:81:10: Warning:
    Orphan instance: instance Rest Sam
    To avoid this
        move the instance declaration to the module of the class or of the type, or
        wrap the type with a newtype and declare the instance on the new type.

src/Csound/Sam.hs:84:10: Warning:
    Orphan instance: instance At Sig2 Sig2 Sam
    To avoid this
        move the instance declaration to the module of the class or of the type, or
        wrap the type with a newtype and declare the instance on the new type.

src/Csound/Sam.hs:88:10: Warning:
    Orphan instance: instance At Sig2 (SE Sig2) Sam
    To avoid this
        move the instance declaration to the module of the class or of the type, or
        wrap the type with a newtype and declare the instance on the new type.

src/Csound/Sam.hs:92:10: Warning:
    Orphan instance: instance At Sig (SE Sig) Sam
    To avoid this
        move the instance declaration to the module of the class or of the type, or
        wrap the type with a newtype and declare the instance on the new type.

src/Csound/Sam.hs:96:10: Warning:
    Orphan instance: instance At Sig Sig2 Sam
    To avoid this
        move the instance declaration to the module of the class or of the type, or
        wrap the type with a newtype and declare the instance on the new type.

src/Csound/Sam.hs:102:10: Warning:
    Orphan instance: instance At Sig (SE Sig2) Sam
    To avoid this
        move the instance declaration to the module of the class or of the type, or
        wrap the type with a newtype and declare the instance on the new type.

src/Csound/Sam.hs:111:10: Warning:
    Orphan instance: instance MixAt Sig2 Sig2 Sam
    To avoid this
        move the instance declaration to the module of the class or of the type, or
        wrap the type with a newtype and declare the instance on the new type.

src/Csound/Sam.hs:114:10: Warning:
    Orphan instance: instance MixAt Sig2 (SE Sig2) Sam
    To avoid this
        move the instance declaration to the module of the class or of the type, or
        wrap the type with a newtype and declare the instance on the new type.

src/Csound/Sam.hs:117:10: Warning:
    Orphan instance: instance MixAt Sig (SE Sig) Sam
    To avoid this
        move the instance declaration to the module of the class or of the type, or
        wrap the type with a newtype and declare the instance on the new type.

src/Csound/Sam.hs:120:10: Warning:
    Orphan instance: instance MixAt Sig Sig2 Sam
    To avoid this
        move the instance declaration to the module of the class or of the type, or
        wrap the type with a newtype and declare the instance on the new type.

src/Csound/Sam.hs:123:10: Warning:
    Orphan instance: instance MixAt Sig (SE Sig2) Sam
    To avoid this
        move the instance declaration to the module of the class or of the type, or
        wrap the type with a newtype and declare the instance on the new type.
[5 of 5] Compiling Csound.Sam.Chord ( src/Csound/Sam/Chord.hs, .stack-work/dist/x86_64-osx/Cabal-1.22.5.0/build/Csound/Sam/Chord.o )

src/Csound/Sam/Chord.hs:3:1: Warning: Tab character

src/Csound/Sam/Chord.hs:46:1: Warning: Tab character

src/Csound/Sam/Chord.hs:47:1: Warning: Tab character

src/Csound/Sam/Chord.hs:48:1: Warning: Tab character

src/Csound/Sam/Chord.hs:49:1: Warning: Tab character

src/Csound/Sam/Chord.hs:49:14: Warning: Tab character

src/Csound/Sam/Chord.hs:50:1: Warning: Tab character

src/Csound/Sam/Chord.hs:51:1: Warning: Tab character

src/Csound/Sam/Chord.hs:53:1: Warning: Tab character

src/Csound/Sam/Chord.hs:54:1: Warning: Tab character

src/Csound/Sam/Chord.hs:73:1: Warning: Tab character

src/Csound/Sam/Chord.hs:78:1: Warning: Tab character

src/Csound/Sam/Chord.hs:83:1: Warning: Tab character

src/Csound/Sam/Chord.hs:88:1: Warning: Tab character

src/Csound/Sam/Chord.hs:98:1: Warning: Tab character

src/Csound/Sam/Chord.hs:99:1: Warning: Tab character

src/Csound/Sam/Chord.hs:100:1: Warning: Tab character
In-place registering csound-sampler-0.0.6.5...
Installing library in /Users/michalhadrava/Code/Probe-rhythm
study/probe-rhythm-stimuli/.stack-work/install/x86_64-osx/lts-6.15/7.10.3/lib/x86_64-osx-ghc-7.10.3/csound-sampler-0.0.6.5-5PQBehliRREIml1BuUB3jI
Registering csound-sampler-0.0.6.5...
