Configuring csound-expression-opcodes-0.0.3.1...
Building csound-expression-opcodes-0.0.3.1...
Preprocessing library csound-expression-opcodes-0.0.3.1...
[ 1 of 24] Compiling Csound.Typed.Opcode.Miscellaneous ( src/Csound/Typed/Opcode/Miscellaneous.hs, .stack-work/dist/x86_64-osx/Cabal-1.22.5.0/build/Csound/Typed/Opcode/Miscellaneous.o )

src/Csound/Typed/Opcode/Miscellaneous.hs:7:1: Warning:
    The import of ‘Control.Applicative’ is redundant
      except perhaps to import instances from ‘Control.Applicative’
    To import instances alone, use: import Control.Applicative()
[ 2 of 24] Compiling Csound.Typed.Opcode.ImageProcessingOpcodes ( src/Csound/Typed/Opcode/ImageProcessingOpcodes.hs, .stack-work/dist/x86_64-osx/Cabal-1.22.5.0/build/Csound/Typed/Opcode/ImageProcessingOpcodes.o )

src/Csound/Typed/Opcode/ImageProcessingOpcodes.hs:7:1: Warning:
    The import of ‘Control.Applicative’ is redundant
      except perhaps to import instances from ‘Control.Applicative’
    To import instances alone, use: import Control.Applicative()
[ 3 of 24] Compiling Csound.Typed.Opcode.MixerOpcodes ( src/Csound/Typed/Opcode/MixerOpcodes.hs, .stack-work/dist/x86_64-osx/Cabal-1.22.5.0/build/Csound/Typed/Opcode/MixerOpcodes.o )

src/Csound/Typed/Opcode/MixerOpcodes.hs:7:1: Warning:
    The import of ‘Control.Applicative’ is redundant
      except perhaps to import instances from ‘Control.Applicative’
    To import instances alone, use: import Control.Applicative()
[ 4 of 24] Compiling Csound.Typed.Opcode.RemoteOpcodes ( src/Csound/Typed/Opcode/RemoteOpcodes.hs, .stack-work/dist/x86_64-osx/Cabal-1.22.5.0/build/Csound/Typed/Opcode/RemoteOpcodes.o )

src/Csound/Typed/Opcode/RemoteOpcodes.hs:7:1: Warning:
    The import of ‘Control.Applicative’ is redundant
      except perhaps to import instances from ‘Control.Applicative’
    To import instances alone, use: import Control.Applicative()
[ 5 of 24] Compiling Csound.Typed.Opcode.Network ( src/Csound/Typed/Opcode/Network.hs, .stack-work/dist/x86_64-osx/Cabal-1.22.5.0/build/Csound/Typed/Opcode/Network.o )

src/Csound/Typed/Opcode/Network.hs:7:1: Warning:
    The import of ‘Control.Applicative’ is redundant
      except perhaps to import instances from ‘Control.Applicative’
    To import instances alone, use: import Control.Applicative()
[ 6 of 24] Compiling Csound.Typed.Opcode.OSC ( src/Csound/Typed/Opcode/OSC.hs, .stack-work/dist/x86_64-osx/Cabal-1.22.5.0/build/Csound/Typed/Opcode/OSC.o )

src/Csound/Typed/Opcode/OSC.hs:7:1: Warning:
    The import of ‘Control.Applicative’ is redundant
      except perhaps to import instances from ‘Control.Applicative’
    To import instances alone, use: import Control.Applicative()
[ 7 of 24] Compiling Csound.Typed.Opcode.PluginHosting ( src/Csound/Typed/Opcode/PluginHosting.hs, .stack-work/dist/x86_64-osx/Cabal-1.22.5.0/build/Csound/Typed/Opcode/PluginHosting.o )

src/Csound/Typed/Opcode/PluginHosting.hs:10:1: Warning:
    The import of ‘Control.Applicative’ is redundant
      except perhaps to import instances from ‘Control.Applicative’
    To import instances alone, use: import Control.Applicative()
[ 8 of 24] Compiling Csound.Typed.Opcode.ZakPatchSystem ( src/Csound/Typed/Opcode/ZakPatchSystem.hs, .stack-work/dist/x86_64-osx/Cabal-1.22.5.0/build/Csound/Typed/Opcode/ZakPatchSystem.o )

src/Csound/Typed/Opcode/ZakPatchSystem.hs:7:1: Warning:
    The import of ‘Control.Applicative’ is redundant
      except perhaps to import instances from ‘Control.Applicative’
    To import instances alone, use: import Control.Applicative()
[ 9 of 24] Compiling Csound.Typed.Opcode.Vectorial ( src/Csound/Typed/Opcode/Vectorial.hs, .stack-work/dist/x86_64-osx/Cabal-1.22.5.0/build/Csound/Typed/Opcode/Vectorial.o )

src/Csound/Typed/Opcode/Vectorial.hs:28:1: Warning:
    The import of ‘Control.Applicative’ is redundant
      except perhaps to import instances from ‘Control.Applicative’
    To import instances alone, use: import Control.Applicative()
[10 of 24] Compiling Csound.Typed.Opcode.Strings ( src/Csound/Typed/Opcode/Strings.hs, .stack-work/dist/x86_64-osx/Cabal-1.22.5.0/build/Csound/Typed/Opcode/Strings.o )

src/Csound/Typed/Opcode/Strings.hs:13:1: Warning:
    The import of ‘Control.Applicative’ is redundant
      except perhaps to import instances from ‘Control.Applicative’
    To import instances alone, use: import Control.Applicative()
[11 of 24] Compiling Csound.Typed.Opcode.SpectralProcessing ( src/Csound/Typed/Opcode/SpectralProcessing.hs, .stack-work/dist/x86_64-osx/Cabal-1.22.5.0/build/Csound/Typed/Opcode/SpectralProcessing.o )

src/Csound/Typed/Opcode/SpectralProcessing.hs:22:1: Warning:
    The import of ‘Control.Applicative’ is redundant
      except perhaps to import instances from ‘Control.Applicative’
    To import instances alone, use: import Control.Applicative()
[12 of 24] Compiling Csound.Typed.Opcode.SignalFlowGraphOpcodes ( src/Csound/Typed/Opcode/SignalFlowGraphOpcodes.hs, .stack-work/dist/x86_64-osx/Cabal-1.22.5.0/build/Csound/Typed/Opcode/SignalFlowGraphOpcodes.o )

src/Csound/Typed/Opcode/SignalFlowGraphOpcodes.hs:7:1: Warning:
    The import of ‘Control.Applicative’ is redundant
      except perhaps to import instances from ‘Control.Applicative’
    To import instances alone, use: import Control.Applicative()
[13 of 24] Compiling Csound.Typed.Opcode.RealtimeMIDI ( src/Csound/Typed/Opcode/RealtimeMIDI.hs, .stack-work/dist/x86_64-osx/Cabal-1.22.5.0/build/Csound/Typed/Opcode/RealtimeMIDI.o )

src/Csound/Typed/Opcode/RealtimeMIDI.hs:28:1: Warning:
    The import of ‘Control.Applicative’ is redundant
      except perhaps to import instances from ‘Control.Applicative’
    To import instances alone, use: import Control.Applicative()
[14 of 24] Compiling Csound.Typed.Opcode.PitchConverters ( src/Csound/Typed/Opcode/PitchConverters.hs, .stack-work/dist/x86_64-osx/Cabal-1.22.5.0/build/Csound/Typed/Opcode/PitchConverters.o )

src/Csound/Typed/Opcode/PitchConverters.hs:10:1: Warning:
    The import of ‘Control.Applicative’ is redundant
      except perhaps to import instances from ‘Control.Applicative’
    To import instances alone, use: import Control.Applicative()

src/Csound/Typed/Opcode/PitchConverters.hs:11:1: Warning:
    The import of ‘Control.Monad.Trans.Class’ is redundant
      except perhaps to import instances from ‘Control.Monad.Trans.Class’
    To import instances alone, use: import Control.Monad.Trans.Class()
[15 of 24] Compiling Csound.Typed.Opcode.MathematicalOperations ( src/Csound/Typed/Opcode/MathematicalOperations.hs, .stack-work/dist/x86_64-osx/Cabal-1.22.5.0/build/Csound/Typed/Opcode/MathematicalOperations.o )

src/Csound/Typed/Opcode/MathematicalOperations.hs:16:1: Warning:
    The import of ‘Control.Applicative’ is redundant
      except perhaps to import instances from ‘Control.Applicative’
    To import instances alone, use: import Control.Applicative()
[16 of 24] Compiling Csound.Typed.Opcode.FLTK ( src/Csound/Typed/Opcode/FLTK.hs, .stack-work/dist/x86_64-osx/Cabal-1.22.5.0/build/Csound/Typed/Opcode/FLTK.o )

src/Csound/Typed/Opcode/FLTK.hs:16:1: Warning:
    The import of ‘Control.Applicative’ is redundant
      except perhaps to import instances from ‘Control.Applicative’
    To import instances alone, use: import Control.Applicative()
[17 of 24] Compiling Csound.Typed.Opcode.TableControl ( src/Csound/Typed/Opcode/TableControl.hs, .stack-work/dist/x86_64-osx/Cabal-1.22.5.0/build/Csound/Typed/Opcode/TableControl.o )

src/Csound/Typed/Opcode/TableControl.hs:7:1: Warning:
    The import of ‘Control.Applicative’ is redundant
      except perhaps to import instances from ‘Control.Applicative’
    To import instances alone, use: import Control.Applicative()
[18 of 24] Compiling Csound.Typed.Opcode.SerialIO ( src/Csound/Typed/Opcode/SerialIO.hs, .stack-work/dist/x86_64-osx/Cabal-1.22.5.0/build/Csound/Typed/Opcode/SerialIO.o )

src/Csound/Typed/Opcode/SerialIO.hs:7:1: Warning:
    The import of ‘Control.Applicative’ is redundant
      except perhaps to import instances from ‘Control.Applicative’
    To import instances alone, use: import Control.Applicative()
[19 of 24] Compiling Csound.Typed.Opcode.JackoOpcodes ( src/Csound/Typed/Opcode/JackoOpcodes.hs, .stack-work/dist/x86_64-osx/Cabal-1.22.5.0/build/Csound/Typed/Opcode/JackoOpcodes.o )

src/Csound/Typed/Opcode/JackoOpcodes.hs:7:1: Warning:
    The import of ‘Control.Applicative’ is redundant
      except perhaps to import instances from ‘Control.Applicative’
    To import instances alone, use: import Control.Applicative()
[20 of 24] Compiling Csound.Typed.Opcode.InstrumentControl ( src/Csound/Typed/Opcode/InstrumentControl.hs, .stack-work/dist/x86_64-osx/Cabal-1.22.5.0/build/Csound/Typed/Opcode/InstrumentControl.o )

src/Csound/Typed/Opcode/InstrumentControl.hs:28:1: Warning:
    The import of ‘Control.Applicative’ is redundant
      except perhaps to import instances from ‘Control.Applicative’
    To import instances alone, use: import Control.Applicative()
[21 of 24] Compiling Csound.Typed.Opcode.SignalModifiers ( src/Csound/Typed/Opcode/SignalModifiers.hs, .stack-work/dist/x86_64-osx/Cabal-1.22.5.0/build/Csound/Typed/Opcode/SignalModifiers.o )

src/Csound/Typed/Opcode/SignalModifiers.hs:49:1: Warning:
    The import of ‘Control.Applicative’ is redundant
      except perhaps to import instances from ‘Control.Applicative’
    To import instances alone, use: import Control.Applicative()
[22 of 24] Compiling Csound.Typed.Opcode.SignalIO ( src/Csound/Typed/Opcode/SignalIO.hs, .stack-work/dist/x86_64-osx/Cabal-1.22.5.0/build/Csound/Typed/Opcode/SignalIO.o )

src/Csound/Typed/Opcode/SignalIO.hs:22:1: Warning:
    The import of ‘Control.Applicative’ is redundant
      except perhaps to import instances from ‘Control.Applicative’
    To import instances alone, use: import Control.Applicative()
[23 of 24] Compiling Csound.Typed.Opcode.SignalGenerators ( src/Csound/Typed/Opcode/SignalGenerators.hs, .stack-work/dist/x86_64-osx/Cabal-1.22.5.0/build/Csound/Typed/Opcode/SignalGenerators.o )

src/Csound/Typed/Opcode/SignalGenerators.hs:55:1: Warning:
    The import of ‘Control.Applicative’ is redundant
      except perhaps to import instances from ‘Control.Applicative’
    To import instances alone, use: import Control.Applicative()
[24 of 24] Compiling Csound.Typed.Opcode ( src/Csound/Typed/Opcode.hs, .stack-work/dist/x86_64-osx/Cabal-1.22.5.0/build/Csound/Typed/Opcode.o )
In-place registering csound-expression-opcodes-0.0.3.1...
Installing library in /Users/michalhadrava/Code/Probe-rhythm
study/probe-rhythm-stimuli/.stack-work/install/x86_64-osx/lts-6.15/7.10.3/lib/x86_64-osx-ghc-7.10.3/csound-expression-opcodes-0.0.3.1-FB7csGHVu7NCj0H3l7PA5p
Registering csound-expression-opcodes-0.0.3.1...
