Configuring data-fix-cse-0.0.2...
Building data-fix-cse-0.0.2...
Preprocessing library data-fix-cse-0.0.2...
[1 of 3] Compiling Data.Fix.BiMapFramed ( src/Data/Fix/BiMapFramed.hs, .stack-work/dist/x86_64-osx/Cabal-1.22.5.0/build/Data/Fix/BiMapFramed.o )

src/Data/Fix/BiMapFramed.hs:16:1: Warning: Tab character

src/Data/Fix/BiMapFramed.hs:17:1: Warning: Tab character

src/Data/Fix/BiMapFramed.hs:18:1: Warning: Tab character

src/Data/Fix/BiMapFramed.hs:19:1: Warning: Tab character

src/Data/Fix/BiMapFramed.hs:20:1: Warning: Tab character

src/Data/Fix/BiMapFramed.hs:21:1: Warning: Tab character

src/Data/Fix/BiMapFramed.hs:22:1: Warning: Tab character

src/Data/Fix/BiMapFramed.hs:45:1: Warning: Tab character

src/Data/Fix/BiMapFramed.hs:46:1: Warning: Tab character

src/Data/Fix/BiMapFramed.hs:57:1: Warning:
    Pattern match(es) are non-exhaustive
    In an equation for ‘insert’: Patterns not matched: _ (BiMap [] _)
[2 of 3] Compiling Data.Fix.BiMap   ( src/Data/Fix/BiMap.hs, .stack-work/dist/x86_64-osx/Cabal-1.22.5.0/build/Data/Fix/BiMap.o )

src/Data/Fix/BiMap.hs:16:1: Warning: Tab character

src/Data/Fix/BiMap.hs:17:1: Warning: Tab character

src/Data/Fix/BiMap.hs:18:1: Warning: Tab character

src/Data/Fix/BiMap.hs:19:1: Warning: Tab character

src/Data/Fix/BiMap.hs:20:1: Warning: Tab character

src/Data/Fix/BiMap.hs:21:1: Warning: Tab character
[3 of 3] Compiling Data.Fix.Cse     ( src/Data/Fix/Cse.hs, .stack-work/dist/x86_64-osx/Cabal-1.22.5.0/build/Data/Fix/Cse.o )

src/Data/Fix/Cse.hs:25:1: Warning:
    The import of ‘Control.Applicative’ is redundant
      except perhaps to import instances from ‘Control.Applicative’
    To import instances alone, use: import Control.Applicative()

src/Data/Fix/Cse.hs:30:1: Warning:
    The import of ‘Data.Traversable’ is redundant
      except perhaps to import instances from ‘Data.Traversable’
    To import instances alone, use: import Data.Traversable()

src/Data/Fix/Cse.hs:142:23: Warning:
    This binding for ‘m'’ shadows the existing binding
      bound at src/Data/Fix/Cse.hs:134:3
In-place registering data-fix-cse-0.0.2...
Installing library in /Users/michalhadrava/Code/Probe-rhythm
study/probe-rhythm-stimuli/.stack-work/install/x86_64-osx/lts-6.15/7.10.3/lib/x86_64-osx-ghc-7.10.3/data-fix-cse-0.0.2-9OU4S4aXn8p7PJ6lHH74jm
Registering data-fix-cse-0.0.2...
