Configuring temporal-music-notation-0.4.1...
Building temporal-music-notation-0.4.1...
Preprocessing library temporal-music-notation-0.4.1...
[1 of 6] Compiling Temporal.Music.Volume ( src/Temporal/Music/Volume.hs, .stack-work/dist/x86_64-osx/Cabal-1.22.5.0/build/Temporal/Music/Volume.o )
[2 of 6] Compiling Temporal.Music.Pitch ( src/Temporal/Music/Pitch.hs, .stack-work/dist/x86_64-osx/Cabal-1.22.5.0/build/Temporal/Music/Pitch.o )
[3 of 6] Compiling Temporal.Music.Score ( src/Temporal/Music/Score.hs, .stack-work/dist/x86_64-osx/Cabal-1.22.5.0/build/Temporal/Music/Score.o )
[4 of 6] Compiling Temporal.Music.Note ( src/Temporal/Music/Note.hs, .stack-work/dist/x86_64-osx/Cabal-1.22.5.0/build/Temporal/Music/Note.o )
[5 of 6] Compiling Temporal.Music.Scales ( src/Temporal/Music/Scales.hs, .stack-work/dist/x86_64-osx/Cabal-1.22.5.0/build/Temporal/Music/Scales.o )

src/Temporal/Music/Scales.hs:24:1: Warning: Tab character

src/Temporal/Music/Scales.hs:25:1: Warning: Tab character

src/Temporal/Music/Scales.hs:34:1: Warning: Tab character

src/Temporal/Music/Scales.hs:35:1: Warning: Tab character

src/Temporal/Music/Scales.hs:36:1: Warning: Tab character

src/Temporal/Music/Scales.hs:37:1: Warning: Tab character

src/Temporal/Music/Scales.hs:38:1: Warning: Tab character

src/Temporal/Music/Scales.hs:39:1: Warning: Tab character

src/Temporal/Music/Scales.hs:41:1: Warning: Tab character

src/Temporal/Music/Scales.hs:65:1: Warning: Tab character

src/Temporal/Music/Scales.hs:66:1: Warning: Tab character

src/Temporal/Music/Scales.hs:95:1: Warning: Tab character
[6 of 6] Compiling Temporal.Music   ( src/Temporal/Music.hs, .stack-work/dist/x86_64-osx/Cabal-1.22.5.0/build/Temporal/Music.o )
In-place registering temporal-music-notation-0.4.1...
Installing library in /Users/michalhadrava/Code/Probe-rhythm
study/probe-rhythm-stimuli/.stack-work/install/x86_64-osx/lts-6.15/7.10.3/lib/x86_64-osx-ghc-7.10.3/temporal-music-notation-0.4.1-BNMZo3KS1hoKUMM4l1A0ov
Registering temporal-music-notation-0.4.1...
