Configuring temporal-media-0.6.1...
Building temporal-media-0.6.1...
Preprocessing library temporal-media-0.6.1...
[1 of 2] Compiling Temporal.Class   ( src/Temporal/Class.hs, .stack-work/dist/x86_64-osx/Cabal-1.22.5.0/build/Temporal/Class.o )

src/Temporal/Class.hs:3:1: Warning: Tab character

src/Temporal/Class.hs:4:1: Warning: Tab character

src/Temporal/Class.hs:5:1: Warning: Tab character

src/Temporal/Class.hs:6:1: Warning: Tab character

src/Temporal/Class.hs:7:1: Warning: Tab character

src/Temporal/Class.hs:12:1: Warning: Tab character

src/Temporal/Class.hs:18:1: Warning: Tab character

src/Temporal/Class.hs:19:1: Warning: Tab character

src/Temporal/Class.hs:20:1: Warning: Tab character

src/Temporal/Class.hs:21:1: Warning: Tab character

src/Temporal/Class.hs:23:1: Warning: Tab character

src/Temporal/Class.hs:24:1: Warning: Tab character

src/Temporal/Class.hs:27:1: Warning: Tab character

src/Temporal/Class.hs:28:1: Warning: Tab character

src/Temporal/Class.hs:30:1: Warning: Tab character

src/Temporal/Class.hs:31:1: Warning: Tab character

src/Temporal/Class.hs:33:1: Warning: Tab character

src/Temporal/Class.hs:34:1: Warning: Tab character

src/Temporal/Class.hs:44:1: Warning: Tab character

src/Temporal/Class.hs:45:1: Warning: Tab character

src/Temporal/Class.hs:48:1: Warning: Tab character

src/Temporal/Class.hs:49:1: Warning: Tab character

src/Temporal/Class.hs:60:1: Warning: Tab character

src/Temporal/Class.hs:63:1: Warning: Tab character

src/Temporal/Class.hs:64:1: Warning: Tab character

src/Temporal/Class.hs:67:1: Warning: Tab character

src/Temporal/Class.hs:68:1: Warning: Tab character
[2 of 2] Compiling Temporal.Media   ( src/Temporal/Media.hs, .stack-work/dist/x86_64-osx/Cabal-1.22.5.0/build/Temporal/Media.o )
In-place registering temporal-media-0.6.1...
Installing library in /Users/michalhadrava/Code/Probe-rhythm
study/probe-rhythm-stimuli/.stack-work/install/x86_64-osx/lts-6.15/7.10.3/lib/x86_64-osx-ghc-7.10.3/temporal-media-0.6.1-761SzttxqBd2KI5nkyi311
Registering temporal-media-0.6.1...
